# JRE version: OpenJDK Runtime Environment 18.9 (11.0.11+9) (build 11.0.11+9)
# Java VM: OpenJDK 64-Bit Server VM 18.9 (11.0.11+9, mixed mode, tiered, compressed oops, g1 gc, windows-amd64)
Heap:
 garbage-first heap   total 262144K, used 151939K [0x0000000740000000, 0x0000000800000000)
  region size 1024K, 23 young (23552K), 0 survivors (0K)
 Metaspace       used 118091K, capacity 120072K, committed 121984K, reserved 1155072K
  class space    used 15420K, capacity 16256K, committed 17024K, reserved 1048576K
GC Heap History (20 events):
Event: 12581.779 GC heap before
{Heap before GC invocations=645 (full 7):
 garbage-first heap   total 262144K, used 203630K [0x0000000740000000, 0x0000000800000000)
  region size 1024K, 60 young (61440K), 5 survivors (5120K)
 Metaspace       used 117794K, capacity 119727K, committed 121600K, reserved 1155072K
  class space    used 15364K, capacity 16164K, committed 16896K, reserved 1048576K
}
Event: 12581.783 GC heap after
{Heap after GC invocations=646 (full 7):
 garbage-first heap   total 262144K, used 147408K [0x0000000740000000, 0x0000000800000000)
  region size 1024K, 5 young (5120K), 5 survivors (5120K)
 Metaspace       used 117794K, capacity 119727K, committed 121600K, reserved 1155072K
  class space    used 15364K, capacity 16164K, committed 16896K, reserved 1048576K
}
Event: 12593.748 GC heap before
{Heap before GC invocations=647 (full 7):
 garbage-first heap   total 262144K, used 203728K [0x0000000740000000, 0x0000000800000000)
  region size 1024K, 60 young (61440K), 5 survivors (5120K)
 Metaspace       used 117795K, capacity 119727K, committed 121600K, reserved 1155072K
  class space    used 15364K, capacity 16164K, committed 16896K, reserved 1048576K
}
Event: 12593.751 GC heap after
{Heap after GC invocations=648 (full 7):
 garbage-first heap   total 262144K, used 147313K [0x0000000740000000, 0x0000000800000000)
  region size 1024K, 4 young (4096K), 4 survivors (4096K)
 Metaspace       used 117795K, capacity 119727K, committed 121600K, reserved 1155072K
  class space    used 15364K, capacity 16164K, committed 16896K, reserved 1048576K
}
Event: 12595.738 GC heap before
{Heap before GC invocations=648 (full 7):
 garbage-first heap   total 262144K, used 204657K [0x0000000740000000, 0x0000000800000000)
  region size 1024K, 60 young (61440K), 4 survivors (4096K)
 Metaspace       used 117795K, capacity 119727K, committed 121600K, reserved 1155072K
  class space    used 15364K, capacity 16164K, committed 16896K, reserved 1048576K
}
Event: 12595.741 GC heap after
{Heap after GC invocations=649 (full 7):
 garbage-first heap   total 262144K, used 147296K [0x0000000740000000, 0x0000000800000000)
  region size 1024K, 3 young (3072K), 3 survivors (3072K)
 Metaspace       used 117795K, capacity 119727K, committed 121600K, reserved 1155072K
  class space    used 15364K, capacity 16164K, committed 16896K, reserved 1048576K
}
Event: 12600.639 GC heap before
{Heap before GC invocations=650 (full 7):
 garbage-first heap   total 262144K, used 205664K [0x0000000740000000, 0x0000000800000000)
  region size 1024K, 60 young (61440K), 3 survivors (3072K)
 Metaspace       used 117799K, capacity 119791K, committed 121856K, reserved 1155072K
  class space    used 15364K, capacity 16164K, committed 16896K, reserved 1048576K
}
Event: 12600.642 GC heap after
{Heap after GC invocations=651 (full 7):
 garbage-first heap   total 262144K, used 147053K [0x0000000740000000, 0x0000000800000000)
  region size 1024K, 3 young (3072K), 3 survivors (3072K)
 Metaspace       used 117799K, capacity 119791K, committed 121856K, reserved 1155072K
  class space    used 15364K, capacity 16164K, committed 16896K, reserved 1048576K
}
Event: 12609.679 GC heap before
{Heap before GC invocations=651 (full 7):
 garbage-first heap   total 262144K, used 205421K [0x0000000740000000, 0x0000000800000000)
  region size 1024K, 60 young (61440K), 3 survivors (3072K)
 Metaspace       used 117799K, capacity 119791K, committed 121856K, reserved 1155072K
  class space    used 15364K, capacity 16164K, committed 16896K, reserved 1048576K
}
Event: 12609.681 GC heap after
{Heap after GC invocations=652 (full 7):
 garbage-first heap   total 262144K, used 146931K [0x0000000740000000, 0x0000000800000000)
  region size 1024K, 2 young (2048K), 2 survivors (2048K)
 Metaspace       used 117799K, capacity 119791K, committed 121856K, reserved 1155072K
  class space    used 15364K, capacity 16164K, committed 16896K, reserved 1048576K
}
Event: 12610.047 GC heap before
{Heap before GC invocations=653 (full 7):
 garbage-first heap   total 262144K, used 206323K [0x0000000740000000, 0x0000000800000000)
  region size 1024K, 60 young (61440K), 2 survivors (2048K)
 Metaspace       used 117799K, capacity 119791K, committed 121856K, reserved 1155072K
  class space    used 15364K, capacity 16164K, committed 16896K, reserved 1048576K
}
Event: 12610.049 GC heap after
{Heap after GC invocations=654 (full 7):
 garbage-first heap   total 262144K, used 146898K [0x0000000740000000, 0x0000000800000000)
  region size 1024K, 2 young (2048K), 2 survivors (2048K)
 Metaspace       used 117799K, capacity 119791K, committed 121856K, reserved 1155072K
  class space    used 15364K, capacity 16164K, committed 16896K, reserved 1048576K
}
Event: 12610.505 GC heap before
{Heap before GC invocations=654 (full 7):
 garbage-first heap   total 262144K, used 206290K [0x0000000740000000, 0x0000000800000000)
  region size 1024K, 60 young (61440K), 2 survivors (2048K)
 Metaspace       used 117799K, capacity 119791K, committed 121856K, reserved 1155072K
  class space    used 15364K, capacity 16164K, committed 16896K, reserved 1048576K
}
Event: 12610.507 GC heap after
{Heap after GC invocations=655 (full 7):
 garbage-first heap   total 262144K, used 146925K [0x0000000740000000, 0x0000000800000000)
  region size 1024K, 2 young (2048K), 2 survivors (2048K)
 Metaspace       used 117799K, capacity 119791K, committed 121856K, reserved 1155072K
  class space    used 15364K, capacity 16164K, committed 16896K, reserved 1048576K
}
Event: 12610.866 GC heap before
{Heap before GC invocations=656 (full 7):
 garbage-first heap   total 262144K, used 206317K [0x0000000740000000, 0x0000000800000000)
  region size 1024K, 60 young (61440K), 2 survivors (2048K)
 Metaspace       used 117799K, capacity 119791K, committed 121856K, reserved 1155072K
  class space    used 15364K, capacity 16164K, committed 16896K, reserved 1048576K
}
Event: 12610.868 GC heap after
{Heap after GC invocations=657 (full 7):
 garbage-first heap   total 262144K, used 146899K [0x0000000740000000, 0x0000000800000000)
  region size 1024K, 1 young (1024K), 1 survivors (1024K)
 Metaspace       used 117799K, capacity 119791K, committed 121856K, reserved 1155072K
  class space    used 15364K, capacity 16164K, committed 16896K, reserved 1048576K
}
Event: 12613.130 GC heap before
{Heap before GC invocations=657 (full 7):
 garbage-first heap   total 262144K, used 205267K [0x0000000740000000, 0x0000000800000000)
  region size 1024K, 59 young (60416K), 1 survivors (1024K)
 Metaspace       used 117943K, capacity 119922K, committed 121856K, reserved 1155072K
  class space    used 15374K, capacity 16165K, committed 16896K, reserved 1048576K
}
Event: 12613.132 GC heap after
{Heap after GC invocations=658 (full 7):
 garbage-first heap   total 262144K, used 147265K [0x0000000740000000, 0x0000000800000000)
  region size 1024K, 2 young (2048K), 2 survivors (2048K)
 Metaspace       used 117943K, capacity 119922K, committed 121856K, reserved 1155072K
  class space    used 15374K, capacity 16165K, committed 16896K, reserved 1048576K
}
Event: 12613.207 GC heap before
{Heap before GC invocations=658 (full 7):
 garbage-first heap   total 262144K, used 150337K [0x0000000740000000, 0x0000000800000000)
  region size 1024K, 5 young (5120K), 2 survivors (2048K)
 Metaspace       used 117961K, capacity 119922K, committed 121856K, reserved 1155072K
  class space    used 15379K, capacity 16165K, committed 16896K, reserved 1048576K
}
Event: 12613.312 GC heap after
{Heap after GC invocations=659 (full 8):
 garbage-first heap   total 262144K, used 129411K [0x0000000740000000, 0x0000000800000000)
  region size 1024K, 0 young (0K), 0 survivors (0K)
 Metaspace       used 117961K, capacity 119922K, committed 121856K, reserved 1155072K
  class space    used 15379K, capacity 16165K, committed 16896K, reserved 1048576K
}

